<?xml version="1.0" encoding="UTF-8"?>
<testsuite name="SILab2Test" tests="1" skipped="0" failures="0" errors="0" timestamp="2023-05-28T17:50:06" hostname="DESKTOP-FD2QJGG" time="0.012">
  <properties/>
  <testcase name="MultipleChoiches()" classname="SILab2Test" time="0.012"/>
  <system-out><![CDATA[]]></system-out>
  <system-err><![CDATA[]]></system-err>
</testsuite>
